<?xml version="1.0" encoding="UTF-8"?>
<testng-results ignored="0" total="1" passed="1" failed="0" skipped="0">
  <reporter-output>
  </reporter-output>
  <suite started-at="2021-02-03T16:06:16 EST" name="Default suite" finished-at="2021-02-03T16:06:24 EST" duration-ms="8347">
    <groups>
    </groups>
    <test started-at="2021-02-03T16:06:16 EST" name="Default test" finished-at="2021-02-03T16:06:24 EST" duration-ms="8347">
      <class name="rahulsheltyacademy.com.ExtentReports.ExtentReportDemo">
        <test-method is-config="true" signature="config()[pri:0, instance:rahulsheltyacademy.com.ExtentReports.ExtentReportDemo@4f209819]" started-at="2021-02-03T16:06:16 EST" name="config" finished-at="2021-02-03T16:06:16 EST" duration-ms="205" status="PASS">
          <reporter-output>
          </reporter-output>
        </test-method> <!-- config -->
        <test-method signature="initialDemo()[pri:0, instance:rahulsheltyacademy.com.ExtentReports.ExtentReportDemo@4f209819]" started-at="2021-02-03T16:06:16 EST" name="initialDemo" finished-at="2021-02-03T16:06:24 EST" duration-ms="8116" status="PASS">
          <reporter-output>
          </reporter-output>
        </test-method> <!-- initialDemo -->
      </class> <!-- rahulsheltyacademy.com.ExtentReports.ExtentReportDemo -->
    </test> <!-- Default test -->
  </suite> <!-- Default suite -->
</testng-results>
